app/build/intermediates/manifest_merge_blame_file/debug/manifest-merger-blame-debug-report.txt
1<?xml version="1.0" encoding="utf-8"?>
2<manifest xmlns:android="http://schemas.android.com/apk/res/android"
3    package="com.example.desafio4digitalhouse_firebase"
4    android:versionCode="1"
5    android:versionName="1.0" >
6
7    <uses-sdk
8        android:minSdkVersion="21"
8-->src\main\AndroidManifest.xml
9        android:targetSdkVersion="30" />
9-->src\main\AndroidManifest.xml
10
11    <uses-permission android:name="android.permission.READ_EXTERNAL_STORAGE" />
11-->src\main\AndroidManifest.xml:5:5-80
11-->src\main\AndroidManifest.xml:5:22-77
12    <uses-permission android:name="android.permission.INTERNET" />
12-->[com.firebaseui:firebase-ui-firestore:6.2.1] AndroidManifest.xml:11:5-67
12-->[com.firebaseui:firebase-ui-firestore:6.2.1] AndroidManifest.xml:11:22-64
13    <uses-permission android:name="android.permission.ACCESS_NETWORK_STATE" />
13-->[com.google.firebase:firebase-auth:20.0.2] AndroidManifest.xml:24:5-79
13-->[com.google.firebase:firebase-auth:20.0.2] AndroidManifest.xml:24:22-76
14    <uses-permission android:name="android.permission.WAKE_LOCK" />
14-->[com.google.android.gms:play-services-measurement-api:18.0.1] AndroidManifest.xml:24:5-68
14-->[com.google.android.gms:play-services-measurement-api:18.0.1] AndroidManifest.xml:24:22-65
15    <uses-permission android:name="com.google.android.finsky.permission.BIND_GET_INSTALL_REFERRER_SERVICE" />
15-->[com.google.android.gms:play-services-measurement:18.0.1] AndroidManifest.xml:26:5-110
15-->[com.google.android.gms:play-services-measurement:18.0.1] AndroidManifest.xml:26:22-107
16
17    <application
17-->src\main\AndroidManifest.xml:7:5-27:19
18        android:allowBackup="true"
18-->src\main\AndroidManifest.xml:8:9-35
19        android:appComponentFactory="androidx.core.app.CoreComponentFactory"
19-->[androidx.core:core:1.3.2] AndroidManifest.xml:24:18-86
20        android:debuggable="true"
21        android:icon="@mipmap/ic_launcher"
21-->src\main\AndroidManifest.xml:9:9-43
22        android:label="@string/app_name"
22-->src\main\AndroidManifest.xml:10:9-41
23        android:roundIcon="@mipmap/ic_launcher_round"
23-->src\main\AndroidManifest.xml:11:9-54
24        android:supportsRtl="true"
24-->src\main\AndroidManifest.xml:12:9-35
25        android:testOnly="true"
26        android:theme="@style/Theme.Desafio4DigitalHouseFirebase" >
26-->src\main\AndroidManifest.xml:13:9-66
27        <activity android:name="com.example.desafio4digitalhouse_firebase.EditGameActivity" />
27-->src\main\AndroidManifest.xml:14:9-63
27-->src\main\AndroidManifest.xml:14:19-51
28        <activity android:name="com.example.desafio4digitalhouse_firebase.DetailActivity" />
28-->src\main\AndroidManifest.xml:15:9-52
28-->src\main\AndroidManifest.xml:15:19-49
29        <activity android:name="com.example.desafio4digitalhouse_firebase.CreateGameActivity" />
29-->src\main\AndroidManifest.xml:16:9-56
29-->src\main\AndroidManifest.xml:16:19-53
30        <activity android:name="com.example.desafio4digitalhouse_firebase.SplashActivity" >
30-->src\main\AndroidManifest.xml:17:9-23:20
30-->src\main\AndroidManifest.xml:17:19-49
31            <intent-filter>
31-->src\main\AndroidManifest.xml:18:13-22:29
32                <action android:name="android.intent.action.MAIN" />
32-->src\main\AndroidManifest.xml:19:17-69
32-->src\main\AndroidManifest.xml:19:25-66
33
34                <category android:name="android.intent.category.LAUNCHER" />
34-->src\main\AndroidManifest.xml:21:17-77
34-->src\main\AndroidManifest.xml:21:27-74
35            </intent-filter>
36        </activity>
37        <activity android:name="com.example.desafio4digitalhouse_firebase.HomeActivity" />
37-->src\main\AndroidManifest.xml:24:9-50
37-->src\main\AndroidManifest.xml:24:19-47
38        <activity android:name="com.example.desafio4digitalhouse_firebase.RegisterActivity" />
38-->src\main\AndroidManifest.xml:25:9-54
38-->src\main\AndroidManifest.xml:25:19-51
39        <activity android:name="com.example.desafio4digitalhouse_firebase.MainActivity" />
39-->src\main\AndroidManifest.xml:26:9-50
39-->src\main\AndroidManifest.xml:26:19-47
40
41        <service
41-->[com.google.firebase:firebase-storage-ktx:19.2.1] AndroidManifest.xml:12:9-18:19
42            android:name="com.google.firebase.components.ComponentDiscoveryService"
42-->[com.google.firebase:firebase-storage-ktx:19.2.1] AndroidManifest.xml:13:13-84
43            android:directBootAware="true"
43-->[com.google.firebase:firebase-common:19.5.0] AndroidManifest.xml:35:13-43
44            android:exported="false" >
44-->[com.google.firebase:firebase-storage-ktx:19.2.1] AndroidManifest.xml:14:13-37
45            <meta-data
45-->[com.google.firebase:firebase-storage-ktx:19.2.1] AndroidManifest.xml:15:13-17:85
46                android:name="com.google.firebase.components:com.google.firebase.storage.ktx.FirebaseStorageKtxRegistrar"
46-->[com.google.firebase:firebase-storage-ktx:19.2.1] AndroidManifest.xml:16:17-122
47                android:value="com.google.firebase.components.ComponentRegistrar" />
47-->[com.google.firebase:firebase-storage-ktx:19.2.1] AndroidManifest.xml:17:17-82
48            <meta-data
48-->[com.google.firebase:firebase-analytics-ktx:18.0.1] AndroidManifest.xml:11:13-13:85
49                android:name="com.google.firebase.components:com.google.firebase.analytics.ktx.FirebaseAnalyticsKtxRegistrar"
49-->[com.google.firebase:firebase-analytics-ktx:18.0.1] AndroidManifest.xml:12:17-126
50                android:value="com.google.firebase.components.ComponentRegistrar" />
50-->[com.google.firebase:firebase-analytics-ktx:18.0.1] AndroidManifest.xml:13:17-82
51            <meta-data
51-->[com.google.firebase:firebase-firestore-ktx:22.0.1] AndroidManifest.xml:15:13-17:85
52                android:name="com.google.firebase.components:com.google.firebase.firestore.ktx.FirebaseFirestoreKtxRegistrar"
52-->[com.google.firebase:firebase-firestore-ktx:22.0.1] AndroidManifest.xml:16:17-126
53                android:value="com.google.firebase.components.ComponentRegistrar" />
53-->[com.google.firebase:firebase-firestore-ktx:22.0.1] AndroidManifest.xml:17:17-82
54            <meta-data
54-->[com.google.firebase:firebase-auth-ktx:20.0.2] AndroidManifest.xml:11:13-13:85
55                android:name="com.google.firebase.components:com.google.firebase.auth.ktx.FirebaseAuthKtxRegistrar"
55-->[com.google.firebase:firebase-auth-ktx:20.0.2] AndroidManifest.xml:12:17-116
56                android:value="com.google.firebase.components.ComponentRegistrar" />
56-->[com.google.firebase:firebase-auth-ktx:20.0.2] AndroidManifest.xml:13:17-82
57            <meta-data
57-->[com.google.firebase:firebase-common-ktx:19.5.0] AndroidManifest.xml:15:13-17:85
58                android:name="com.google.firebase.components:com.google.firebase.ktx.FirebaseCommonKtxRegistrar"
58-->[com.google.firebase:firebase-common-ktx:19.5.0] AndroidManifest.xml:16:17-113
59                android:value="com.google.firebase.components.ComponentRegistrar" />
59-->[com.google.firebase:firebase-common-ktx:19.5.0] AndroidManifest.xml:17:17-82
60            <meta-data
60-->[com.google.firebase:firebase-auth:20.0.2] AndroidManifest.xml:77:13-79:85
61                android:name="com.google.firebase.components:com.google.firebase.auth.FirebaseAuthRegistrar"
61-->[com.google.firebase:firebase-auth:20.0.2] AndroidManifest.xml:78:17-109
62                android:value="com.google.firebase.components.ComponentRegistrar" />
62-->[com.google.firebase:firebase-auth:20.0.2] AndroidManifest.xml:79:17-82
63            <meta-data
63-->[com.google.firebase:firebase-firestore:22.0.1] AndroidManifest.xml:20:13-22:85
64                android:name="com.google.firebase.components:com.google.firebase.firestore.FirestoreRegistrar"
64-->[com.google.firebase:firebase-firestore:22.0.1] AndroidManifest.xml:21:17-111
65                android:value="com.google.firebase.components.ComponentRegistrar" />
65-->[com.google.firebase:firebase-firestore:22.0.1] AndroidManifest.xml:22:17-82
66            <meta-data
66-->[com.google.firebase:firebase-storage:19.2.1] AndroidManifest.xml:33:13-35:85
67                android:name="com.google.firebase.components:com.google.firebase.storage.StorageRegistrar"
67-->[com.google.firebase:firebase-storage:19.2.1] AndroidManifest.xml:34:17-107
68                android:value="com.google.firebase.components.ComponentRegistrar" />
68-->[com.google.firebase:firebase-storage:19.2.1] AndroidManifest.xml:35:17-82
69            <meta-data
69-->[com.google.android.gms:play-services-measurement-api:18.0.1] AndroidManifest.xml:30:13-32:85
70                android:name="com.google.firebase.components:com.google.firebase.analytics.connector.internal.AnalyticsConnectorRegistrar"
70-->[com.google.android.gms:play-services-measurement-api:18.0.1] AndroidManifest.xml:31:17-139
71                android:value="com.google.firebase.components.ComponentRegistrar" />
71-->[com.google.android.gms:play-services-measurement-api:18.0.1] AndroidManifest.xml:32:17-82
72            <meta-data
72-->[com.google.firebase:firebase-installations:16.3.5] AndroidManifest.xml:18:13-20:85
73                android:name="com.google.firebase.components:com.google.firebase.installations.FirebaseInstallationsRegistrar"
73-->[com.google.firebase:firebase-installations:16.3.5] AndroidManifest.xml:19:17-127
74                android:value="com.google.firebase.components.ComponentRegistrar" />
74-->[com.google.firebase:firebase-installations:16.3.5] AndroidManifest.xml:20:17-82
75            <!--
76                This registrar is not defined in the dynamic-module-support sdk itself to allow non-firebase
77                clients to use it as well, by defining this registrar in their own core/common library.
78            -->
79            <meta-data
79-->[com.google.firebase:firebase-common:19.5.0] AndroidManifest.xml:43:13-45:85
80                android:name="com.google.firebase.components:com.google.firebase.dynamicloading.DynamicLoadingRegistrar"
80-->[com.google.firebase:firebase-common:19.5.0] AndroidManifest.xml:44:17-121
81                android:value="com.google.firebase.components.ComponentRegistrar" />
81-->[com.google.firebase:firebase-common:19.5.0] AndroidManifest.xml:45:17-82
82        </service>
83        <service
83-->[androidx.room:room-runtime:2.2.5] AndroidManifest.xml:25:9-28:40
84            android:name="androidx.room.MultiInstanceInvalidationService"
84-->[androidx.room:room-runtime:2.2.5] AndroidManifest.xml:26:13-74
85            android:directBootAware="true"
85-->[androidx.room:room-runtime:2.2.5] AndroidManifest.xml:27:13-43
86            android:exported="false" />
86-->[androidx.room:room-runtime:2.2.5] AndroidManifest.xml:28:13-37
87
88        <activity
88-->[com.google.firebase:firebase-auth:20.0.2] AndroidManifest.xml:27:9-44:20
89            android:name="com.google.firebase.auth.internal.GenericIdpActivity"
89-->[com.google.firebase:firebase-auth:20.0.2] AndroidManifest.xml:28:13-80
90            android:excludeFromRecents="true"
90-->[com.google.firebase:firebase-auth:20.0.2] AndroidManifest.xml:29:13-46
91            android:exported="true"
91-->[com.google.firebase:firebase-auth:20.0.2] AndroidManifest.xml:30:13-36
92            android:launchMode="singleTask"
92-->[com.google.firebase:firebase-auth:20.0.2] AndroidManifest.xml:31:13-44
93            android:theme="@android:style/Theme.Translucent.NoTitleBar" >
93-->[com.google.firebase:firebase-auth:20.0.2] AndroidManifest.xml:32:13-72
94            <intent-filter>
94-->[com.google.firebase:firebase-auth:20.0.2] AndroidManifest.xml:33:13-43:29
95                <action android:name="android.intent.action.VIEW" />
95-->[com.google.firebase:firebase-auth:20.0.2] AndroidManifest.xml:34:17-69
95-->[com.google.firebase:firebase-auth:20.0.2] AndroidManifest.xml:34:25-66
96
97                <category android:name="android.intent.category.DEFAULT" />
97-->[com.google.firebase:firebase-auth:20.0.2] AndroidManifest.xml:36:17-76
97-->[com.google.firebase:firebase-auth:20.0.2] AndroidManifest.xml:36:27-73
98                <category android:name="android.intent.category.BROWSABLE" />
98-->[com.google.firebase:firebase-auth:20.0.2] AndroidManifest.xml:37:17-78
98-->[com.google.firebase:firebase-auth:20.0.2] AndroidManifest.xml:37:27-75
99
100                <data
100-->[com.google.firebase:firebase-auth:20.0.2] AndroidManifest.xml:39:17-42:51
101                    android:host="firebase.auth"
101-->[com.google.firebase:firebase-auth:20.0.2] AndroidManifest.xml:40:21-49
102                    android:path="/"
102-->[com.google.firebase:firebase-auth:20.0.2] AndroidManifest.xml:41:21-37
103                    android:scheme="genericidp" />
103-->[com.google.firebase:firebase-auth:20.0.2] AndroidManifest.xml:42:21-48
104            </intent-filter>
105        </activity>
106        <activity
106-->[com.google.firebase:firebase-auth:20.0.2] AndroidManifest.xml:45:9-62:20
107            android:name="com.google.firebase.auth.internal.RecaptchaActivity"
107-->[com.google.firebase:firebase-auth:20.0.2] AndroidManifest.xml:46:13-79
108            android:excludeFromRecents="true"
108-->[com.google.firebase:firebase-auth:20.0.2] AndroidManifest.xml:47:13-46
109            android:exported="true"
109-->[com.google.firebase:firebase-auth:20.0.2] AndroidManifest.xml:48:13-36
110            android:launchMode="singleTask"
110-->[com.google.firebase:firebase-auth:20.0.2] AndroidManifest.xml:49:13-44
111            android:theme="@android:style/Theme.Translucent.NoTitleBar" >
111-->[com.google.firebase:firebase-auth:20.0.2] AndroidManifest.xml:50:13-72
112            <intent-filter>
112-->[com.google.firebase:firebase-auth:20.0.2] AndroidManifest.xml:51:13-61:29
113                <action android:name="android.intent.action.VIEW" />
113-->[com.google.firebase:firebase-auth:20.0.2] AndroidManifest.xml:34:17-69
113-->[com.google.firebase:firebase-auth:20.0.2] AndroidManifest.xml:34:25-66
114
115                <category android:name="android.intent.category.DEFAULT" />
115-->[com.google.firebase:firebase-auth:20.0.2] AndroidManifest.xml:36:17-76
115-->[com.google.firebase:firebase-auth:20.0.2] AndroidManifest.xml:36:27-73
116                <category android:name="android.intent.category.BROWSABLE" />
116-->[com.google.firebase:firebase-auth:20.0.2] AndroidManifest.xml:37:17-78
116-->[com.google.firebase:firebase-auth:20.0.2] AndroidManifest.xml:37:27-75
117
118                <data
118-->[com.google.firebase:firebase-auth:20.0.2] AndroidManifest.xml:39:17-42:51
119                    android:host="firebase.auth"
119-->[com.google.firebase:firebase-auth:20.0.2] AndroidManifest.xml:40:21-49
120                    android:path="/"
120-->[com.google.firebase:firebase-auth:20.0.2] AndroidManifest.xml:41:21-37
121                    android:scheme="recaptcha" />
121-->[com.google.firebase:firebase-auth:20.0.2] AndroidManifest.xml:42:21-48
122            </intent-filter>
123        </activity>
124
125        <service
125-->[com.google.firebase:firebase-auth:20.0.2] AndroidManifest.xml:64:9-73:19
126            android:name="com.google.firebase.auth.api.fallback.service.FirebaseAuthFallbackService"
126-->[com.google.firebase:firebase-auth:20.0.2] AndroidManifest.xml:65:13-101
127            android:enabled="true"
127-->[com.google.firebase:firebase-auth:20.0.2] AndroidManifest.xml:66:13-35
128            android:exported="false" >
128-->[com.google.firebase:firebase-auth:20.0.2] AndroidManifest.xml:67:13-37
129            <intent-filter>
129-->[com.google.firebase:firebase-auth:20.0.2] AndroidManifest.xml:68:13-72:29
130                <action android:name="com.google.firebase.auth.api.gms.service.START" />
130-->[com.google.firebase:firebase-auth:20.0.2] AndroidManifest.xml:69:17-89
130-->[com.google.firebase:firebase-auth:20.0.2] AndroidManifest.xml:69:25-86
131
132                <category android:name="android.intent.category.DEFAULT" />
132-->[com.google.firebase:firebase-auth:20.0.2] AndroidManifest.xml:36:17-76
132-->[com.google.firebase:firebase-auth:20.0.2] AndroidManifest.xml:36:27-73
133            </intent-filter>
134        </service>
135
136        <provider
136-->[com.google.firebase:firebase-common:19.5.0] AndroidManifest.xml:26:9-31:39
137            android:name="com.google.firebase.provider.FirebaseInitProvider"
137-->[com.google.firebase:firebase-common:19.5.0] AndroidManifest.xml:27:13-77
138            android:authorities="com.example.desafio4digitalhouse_firebase.firebaseinitprovider"
138-->[com.google.firebase:firebase-common:19.5.0] AndroidManifest.xml:28:13-72
139            android:directBootAware="true"
139-->[com.google.firebase:firebase-common:19.5.0] AndroidManifest.xml:29:13-43
140            android:exported="false"
140-->[com.google.firebase:firebase-common:19.5.0] AndroidManifest.xml:30:13-37
141            android:initOrder="100" />
141-->[com.google.firebase:firebase-common:19.5.0] AndroidManifest.xml:31:13-36
142
143        <activity
143-->[com.google.android.gms:play-services-base:17.1.0] AndroidManifest.xml:23:9-26:75
144            android:name="com.google.android.gms.common.api.GoogleApiActivity"
144-->[com.google.android.gms:play-services-base:17.1.0] AndroidManifest.xml:24:13-79
145            android:exported="false"
145-->[com.google.android.gms:play-services-base:17.1.0] AndroidManifest.xml:25:13-37
146            android:theme="@android:style/Theme.Translucent.NoTitleBar" />
146-->[com.google.android.gms:play-services-base:17.1.0] AndroidManifest.xml:26:13-72
147
148        <receiver
148-->[com.google.android.gms:play-services-measurement:18.0.1] AndroidManifest.xml:29:9-33:20
149            android:name="com.google.android.gms.measurement.AppMeasurementReceiver"
149-->[com.google.android.gms:play-services-measurement:18.0.1] AndroidManifest.xml:30:13-85
150            android:enabled="true"
150-->[com.google.android.gms:play-services-measurement:18.0.1] AndroidManifest.xml:31:13-35
151            android:exported="false" >
151-->[com.google.android.gms:play-services-measurement:18.0.1] AndroidManifest.xml:32:13-37
152        </receiver>
153
154        <service
154-->[com.google.android.gms:play-services-measurement:18.0.1] AndroidManifest.xml:35:9-38:40
155            android:name="com.google.android.gms.measurement.AppMeasurementService"
155-->[com.google.android.gms:play-services-measurement:18.0.1] AndroidManifest.xml:36:13-84
156            android:enabled="true"
156-->[com.google.android.gms:play-services-measurement:18.0.1] AndroidManifest.xml:37:13-35
157            android:exported="false" />
157-->[com.google.android.gms:play-services-measurement:18.0.1] AndroidManifest.xml:38:13-37
158        <service
158-->[com.google.android.gms:play-services-measurement:18.0.1] AndroidManifest.xml:39:9-43:72
159            android:name="com.google.android.gms.measurement.AppMeasurementJobService"
159-->[com.google.android.gms:play-services-measurement:18.0.1] AndroidManifest.xml:40:13-87
160            android:enabled="true"
160-->[com.google.android.gms:play-services-measurement:18.0.1] AndroidManifest.xml:41:13-35
161            android:exported="false"
161-->[com.google.android.gms:play-services-measurement:18.0.1] AndroidManifest.xml:42:13-37
162            android:permission="android.permission.BIND_JOB_SERVICE" />
162-->[com.google.android.gms:play-services-measurement:18.0.1] AndroidManifest.xml:43:13-69
163
164        <meta-data
164-->[com.google.android.gms:play-services-basement:17.1.0] AndroidManifest.xml:23:9-25:69
165            android:name="com.google.android.gms.version"
165-->[com.google.android.gms:play-services-basement:17.1.0] AndroidManifest.xml:24:13-58
166            android:value="@integer/google_play_services_version" />
166-->[com.google.android.gms:play-services-basement:17.1.0] AndroidManifest.xml:25:13-66
167    </application>
168
169</manifest>